<?xml version="1.0" encoding="UTF-8"?>
<testng-results ignored="0" total="9" passed="9" failed="0" skipped="0">
  <reporter-output>
    <line>
      <![CDATA[Login button Displayed in Login page]]>
    </line>
    <line>
      <![CDATA[Admin Page is Displayed]]>
    </line>
    <line>
      <![CDATA[Login button Displayed in Login page]]>
    </line>
    <line>
      <![CDATA[Login Success]]>
    </line>
    <line>
      <![CDATA[Login button Displayed in Login page]]>
    </line>
    <line>
      <![CDATA[Invalid credentials]]>
    </line>
    <line>
      <![CDATA[Login button Displayed in Login page]]>
    </line>
    <line>
      <![CDATA[Invalid credentials]]>
    </line>
    <line>
      <![CDATA[Login button Displayed in Login page]]>
    </line>
    <line>
      <![CDATA[Username cannot be empty]]>
    </line>
    <line>
      <![CDATA[Login button Displayed in Login page]]>
    </line>
    <line>
      <![CDATA[Password cannot be empty]]>
    </line>
    <line>
      <![CDATA[Login button Displayed in Login page]]>
    </line>
    <line>
      <![CDATA[Login Success]]>
    </line>
    <line>
      <![CDATA[Login button Displayed in Login page]]>
    </line>
    <line>
      <![CDATA[Username cannot be empty]]>
    </line>
    <line>
      <![CDATA[Login button Displayed in Login page]]>
    </line>
    <line>
      <![CDATA[Login Success]]>
    </line>
  </reporter-output>
  <suite started-at="2025-03-05T12:03:01Z" name="Default suite" finished-at="2025-03-05T12:04:01Z" duration-ms="60406">
    <groups>
      <group name="cucumber">
        <method signature="AbstractTestNGCucumberTests.runScenario(cucumber.api.testng.PickleEventWrapper, cucumber.api.testng.CucumberFeatureWrapper)[pri:0, instance:testRunner.AdminLogin@1500b2f3]" name="runScenario" class="cucumber.api.testng.AbstractTestNGCucumberTests"/>
      </group> <!-- cucumber -->
    </groups>
    <test started-at="2025-03-05T12:03:01Z" name="Default test" finished-at="2025-03-05T12:04:01Z" duration-ms="60406">
      <class name="testRunner.AdminLogin">
        <test-method is-config="true" signature="setUpClass()[pri:0, instance:testRunner.AdminLogin@1500b2f3]" started-at="2025-03-05T12:03:01Z" name="setUpClass" finished-at="2025-03-05T12:03:01Z" duration-ms="141" status="PASS">
          <reporter-output>
          </reporter-output>
        </test-method> <!-- setUpClass -->
        <test-method signature="runScenario(cucumber.api.testng.PickleEventWrapper, cucumber.api.testng.CucumberFeatureWrapper)[pri:0, instance:testRunner.AdminLogin@1500b2f3]" started-at="2025-03-05T12:03:01Z" name="runScenario" description="Runs Cucumber Scenarios" data-provider="scenarios" finished-at="2025-03-05T12:03:10Z" duration-ms="8380" status="PASS">
          <params>
            <param index="0">
              <value>
                <![CDATA[""]]>
              </value>
            </param>
            <param index="1">
              <value>
                <![CDATA["Login page"]]>
              </value>
            </param>
          </params>
          <reporter-output>
            <line>
              <![CDATA[Login button Displayed in Login page]]>
            </line>
            <line>
              <![CDATA[Admin Page is Displayed]]>
            </line>
          </reporter-output>
        </test-method> <!-- runScenario -->
        <test-method signature="runScenario(cucumber.api.testng.PickleEventWrapper, cucumber.api.testng.CucumberFeatureWrapper)[pri:0, instance:testRunner.AdminLogin@1500b2f3]" started-at="2025-03-05T12:03:10Z" name="runScenario" description="Runs Cucumber Scenarios" data-provider="scenarios" finished-at="2025-03-05T12:03:17Z" duration-ms="6919" status="PASS">
          <params>
            <param index="0">
              <value>
                <![CDATA[""]]>
              </value>
            </param>
            <param index="1">
              <value>
                <![CDATA["Login page"]]>
              </value>
            </param>
          </params>
          <reporter-output>
            <line>
              <![CDATA[Login button Displayed in Login page]]>
            </line>
            <line>
              <![CDATA[Login Success]]>
            </line>
          </reporter-output>
        </test-method> <!-- runScenario -->
        <test-method signature="runScenario(cucumber.api.testng.PickleEventWrapper, cucumber.api.testng.CucumberFeatureWrapper)[pri:0, instance:testRunner.AdminLogin@1500b2f3]" started-at="2025-03-05T12:03:17Z" name="runScenario" description="Runs Cucumber Scenarios" data-provider="scenarios" finished-at="2025-03-05T12:03:23Z" duration-ms="6133" status="PASS">
          <params>
            <param index="0">
              <value>
                <![CDATA[""]]>
              </value>
            </param>
            <param index="1">
              <value>
                <![CDATA["Login page"]]>
              </value>
            </param>
          </params>
          <reporter-output>
            <line>
              <![CDATA[Login button Displayed in Login page]]>
            </line>
            <line>
              <![CDATA[Invalid credentials]]>
            </line>
          </reporter-output>
        </test-method> <!-- runScenario -->
        <test-method signature="runScenario(cucumber.api.testng.PickleEventWrapper, cucumber.api.testng.CucumberFeatureWrapper)[pri:0, instance:testRunner.AdminLogin@1500b2f3]" started-at="2025-03-05T12:03:23Z" name="runScenario" description="Runs Cucumber Scenarios" data-provider="scenarios" finished-at="2025-03-05T12:03:29Z" duration-ms="6395" status="PASS">
          <params>
            <param index="0">
              <value>
                <![CDATA[""]]>
              </value>
            </param>
            <param index="1">
              <value>
                <![CDATA["Login page"]]>
              </value>
            </param>
          </params>
          <reporter-output>
            <line>
              <![CDATA[Login button Displayed in Login page]]>
            </line>
            <line>
              <![CDATA[Invalid credentials]]>
            </line>
          </reporter-output>
        </test-method> <!-- runScenario -->
        <test-method signature="runScenario(cucumber.api.testng.PickleEventWrapper, cucumber.api.testng.CucumberFeatureWrapper)[pri:0, instance:testRunner.AdminLogin@1500b2f3]" started-at="2025-03-05T12:03:29Z" name="runScenario" description="Runs Cucumber Scenarios" data-provider="scenarios" finished-at="2025-03-05T12:03:35Z" duration-ms="6026" status="PASS">
          <params>
            <param index="0">
              <value>
                <![CDATA[""]]>
              </value>
            </param>
            <param index="1">
              <value>
                <![CDATA["Login page"]]>
              </value>
            </param>
          </params>
          <reporter-output>
            <line>
              <![CDATA[Login button Displayed in Login page]]>
            </line>
            <line>
              <![CDATA[Username cannot be empty]]>
            </line>
          </reporter-output>
        </test-method> <!-- runScenario -->
        <test-method signature="runScenario(cucumber.api.testng.PickleEventWrapper, cucumber.api.testng.CucumberFeatureWrapper)[pri:0, instance:testRunner.AdminLogin@1500b2f3]" started-at="2025-03-05T12:03:35Z" name="runScenario" description="Runs Cucumber Scenarios" data-provider="scenarios" finished-at="2025-03-05T12:03:41Z" duration-ms="6052" status="PASS">
          <params>
            <param index="0">
              <value>
                <![CDATA[""]]>
              </value>
            </param>
            <param index="1">
              <value>
                <![CDATA["Login page"]]>
              </value>
            </param>
          </params>
          <reporter-output>
            <line>
              <![CDATA[Login button Displayed in Login page]]>
            </line>
            <line>
              <![CDATA[Password cannot be empty]]>
            </line>
          </reporter-output>
        </test-method> <!-- runScenario -->
        <test-method signature="runScenario(cucumber.api.testng.PickleEventWrapper, cucumber.api.testng.CucumberFeatureWrapper)[pri:0, instance:testRunner.AdminLogin@1500b2f3]" started-at="2025-03-05T12:03:41Z" name="runScenario" description="Runs Cucumber Scenarios" data-provider="scenarios" finished-at="2025-03-05T12:03:48Z" duration-ms="7126" status="PASS">
          <params>
            <param index="0">
              <value>
                <![CDATA[""]]>
              </value>
            </param>
            <param index="1">
              <value>
                <![CDATA["Login page"]]>
              </value>
            </param>
          </params>
          <reporter-output>
            <line>
              <![CDATA[Login button Displayed in Login page]]>
            </line>
            <line>
              <![CDATA[Login Success]]>
            </line>
          </reporter-output>
        </test-method> <!-- runScenario -->
        <test-method signature="runScenario(cucumber.api.testng.PickleEventWrapper, cucumber.api.testng.CucumberFeatureWrapper)[pri:0, instance:testRunner.AdminLogin@1500b2f3]" started-at="2025-03-05T12:03:48Z" name="runScenario" description="Runs Cucumber Scenarios" data-provider="scenarios" finished-at="2025-03-05T12:03:54Z" duration-ms="5990" status="PASS">
          <params>
            <param index="0">
              <value>
                <![CDATA[""]]>
              </value>
            </param>
            <param index="1">
              <value>
                <![CDATA["Login page"]]>
              </value>
            </param>
          </params>
          <reporter-output>
            <line>
              <![CDATA[Login button Displayed in Login page]]>
            </line>
            <line>
              <![CDATA[Username cannot be empty]]>
            </line>
          </reporter-output>
        </test-method> <!-- runScenario -->
        <test-method signature="runScenario(cucumber.api.testng.PickleEventWrapper, cucumber.api.testng.CucumberFeatureWrapper)[pri:0, instance:testRunner.AdminLogin@1500b2f3]" started-at="2025-03-05T12:03:54Z" name="runScenario" description="Runs Cucumber Scenarios" data-provider="scenarios" finished-at="2025-03-05T12:04:01Z" duration-ms="6866" status="PASS">
          <params>
            <param index="0">
              <value>
                <![CDATA[""]]>
              </value>
            </param>
            <param index="1">
              <value>
                <![CDATA["Login page"]]>
              </value>
            </param>
          </params>
          <reporter-output>
            <line>
              <![CDATA[Login button Displayed in Login page]]>
            </line>
            <line>
              <![CDATA[Login Success]]>
            </line>
          </reporter-output>
        </test-method> <!-- runScenario -->
        <test-method is-config="true" signature="tearDownClass()[pri:0, instance:testRunner.AdminLogin@1500b2f3]" started-at="2025-03-05T12:04:01Z" name="tearDownClass" finished-at="2025-03-05T12:04:01Z" duration-ms="337" status="PASS">
          <reporter-output>
          </reporter-output>
        </test-method> <!-- tearDownClass -->
      </class> <!-- testRunner.AdminLogin -->
    </test> <!-- Default test -->
  </suite> <!-- Default suite -->
</testng-results>
